# JRE version: Java(TM) SE Runtime Environment (8.0_271-b09) (build 1.8.0_271-b09)
# Java VM: Java HotSpot(TM) 64-Bit Server VM (25.271-b09 mixed mode windows-amd64 compressed oops)
Heap:
 PSYoungGen      total 178176K, used 91389K [0x00000000e0a00000, 0x00000000ec280000, 0x0000000100000000)
  eden space 167424K, 54% used [0x00000000e0a00000,0x00000000e633f750,0x00000000ead80000)
  from space 10752K, 0% used [0x00000000ead80000,0x00000000ead80000,0x00000000eb800000)
  to   space 9216K, 0% used [0x00000000eb980000,0x00000000eb980000,0x00000000ec280000)
 ParOldGen       total 43520K, used 11854K [0x00000000a1e00000, 0x00000000a4880000, 0x00000000e0a00000)
  object space 43520K, 27% used [0x00000000a1e00000,0x00000000a29939b8,0x00000000a4880000)
 Metaspace       used 35539K, capacity 37352K, committed 37632K, reserved 1089536K
  class space    used 4682K, capacity 5028K, committed 5120K, reserved 1048576K
GC Heap History (10 events):
Event: 7.314 GC heap before
{Heap before GC invocations=7 (full 1):
 PSYoungGen      total 106496K, used 5932K [0x00000000e0a00000, 0x00000000e7b00000, 0x0000000100000000)
  eden space 98304K, 0% used [0x00000000e0a00000,0x00000000e0a00000,0x00000000e6a00000)
  from space 8192K, 72% used [0x00000000e7300000,0x00000000e78cb348,0x00000000e7b00000)
  to   space 8704K, 0% used [0x00000000e6a00000,0x00000000e6a00000,0x00000000e7280000)
 ParOldGen       total 65536K, used 9621K [0x00000000a1e00000, 0x00000000a5e00000, 0x00000000e0a00000)
  object space 65536K, 14% used [0x00000000a1e00000,0x00000000a2765778,0x00000000a5e00000)
 Metaspace       used 20388K, capacity 21166K, committed 21296K, reserved 1067008K
  class space    used 2649K, capacity 2849K, committed 2944K, reserved 1048576K
Event: 7.368 GC heap after
Heap after GC invocations=7 (full 1):
 PSYoungGen      total 106496K, used 0K [0x00000000e0a00000, 0x00000000e7b00000, 0x0000000100000000)
  eden space 98304K, 0% used [0x00000000e0a00000,0x00000000e0a00000,0x00000000e6a00000)
  from space 8192K, 0% used [0x00000000e7300000,0x00000000e7300000,0x00000000e7b00000)
  to   space 8704K, 0% used [0x00000000e6a00000,0x00000000e6a00000,0x00000000e7280000)
 ParOldGen       total 43520K, used 7626K [0x00000000a1e00000, 0x00000000a4880000, 0x00000000e0a00000)
  object space 43520K, 17% used [0x00000000a1e00000,0x00000000a25729c0,0x00000000a4880000)
 Metaspace       used 20388K, capacity 21166K, committed 21296K, reserved 1067008K
  class space    used 2649K, capacity 2849K, committed 2944K, reserved 1048576K
}
Event: 8.304 GC heap before
{Heap before GC invocations=8 (full 1):
 PSYoungGen      total 106496K, used 98304K [0x00000000e0a00000, 0x00000000e7b00000, 0x0000000100000000)
  eden space 98304K, 100% used [0x00000000e0a00000,0x00000000e6a00000,0x00000000e6a00000)
  from space 8192K, 0% used [0x00000000e7300000,0x00000000e7300000,0x00000000e7b00000)
  to   space 8704K, 0% used [0x00000000e6a00000,0x00000000e6a00000,0x00000000e7280000)
 ParOldGen       total 43520K, used 7626K [0x00000000a1e00000, 0x00000000a4880000, 0x00000000e0a00000)
  object space 43520K, 17% used [0x00000000a1e00000,0x00000000a25729c0,0x00000000a4880000)
 Metaspace       used 24467K, capacity 25580K, committed 25856K, reserved 1071104K
  class space    used 3244K, capacity 3494K, committed 3584K, reserved 1048576K
Event: 8.312 GC heap after
Heap after GC invocations=8 (full 1):
 PSYoungGen      total 107008K, used 8073K [0x00000000e0a00000, 0x00000000ec280000, 0x0000000100000000)
  eden space 98304K, 0% used [0x00000000e0a00000,0x00000000e0a00000,0x00000000e6a00000)
  from space 8704K, 92% used [0x00000000e6a00000,0x00000000e71e27e0,0x00000000e7280000)
  to   space 9216K, 0% used [0x00000000eb980000,0x00000000eb980000,0x00000000ec280000)
 ParOldGen       total 43520K, used 7634K [0x00000000a1e00000, 0x00000000a4880000, 0x00000000e0a00000)
  object space 43520K, 17% used [0x00000000a1e00000,0x00000000a25749c0,0x00000000a4880000)
 Metaspace       used 24467K, capacity 25580K, committed 25856K, reserved 1071104K
  class space    used 3244K, capacity 3494K, committed 3584K, reserved 1048576K
}
Event: 9.563 GC heap before
{Heap before GC invocations=9 (full 1):
 PSYoungGen      total 107008K, used 106377K [0x00000000e0a00000, 0x00000000ec280000, 0x0000000100000000)
  eden space 98304K, 100% used [0x00000000e0a00000,0x00000000e6a00000,0x00000000e6a00000)
  from space 8704K, 92% used [0x00000000e6a00000,0x00000000e71e27e0,0x00000000e7280000)
  to   space 9216K, 0% used [0x00000000eb980000,0x00000000eb980000,0x00000000ec280000)
 ParOldGen       total 43520K, used 7634K [0x00000000a1e00000, 0x00000000a4880000, 0x00000000e0a00000)
  object space 43520K, 17% used [0x00000000a1e00000,0x00000000a25749c0,0x00000000a4880000)
 Metaspace       used 29686K, capacity 31306K, committed 31488K, reserved 1079296K
  class space    used 3949K, capacity 4247K, committed 4352K, reserved 1048576K
Event: 9.575 GC heap after
Heap after GC invocations=9 (full 1):
 PSYoungGen      total 176640K, used 9197K [0x00000000e0a00000, 0x00000000ec280000, 0x0000000100000000)
  eden space 167424K, 0% used [0x00000000e0a00000,0x00000000e0a00000,0x00000000ead80000)
  from space 9216K, 99% used [0x00000000eb980000,0x00000000ec27b780,0x00000000ec280000)
  to   space 10752K, 0% used [0x00000000ead80000,0x00000000ead80000,0x00000000eb800000)
 ParOldGen       total 43520K, used 8467K [0x00000000a1e00000, 0x00000000a4880000, 0x00000000e0a00000)
  object space 43520K, 19% used [0x00000000a1e00000,0x00000000a2644c10,0x00000000a4880000)
 Metaspace       used 29686K, capacity 31306K, committed 31488K, reserved 1079296K
  class space    used 3949K, capacity 4247K, committed 4352K, reserved 1048576K
}
Event: 9.623 GC heap before
{Heap before GC invocations=10 (full 1):
 PSYoungGen      total 176640K, used 18785K [0x00000000e0a00000, 0x00000000ec280000, 0x0000000100000000)
  eden space 167424K, 5% used [0x00000000e0a00000,0x00000000e135cf08,0x00000000ead80000)
  from space 9216K, 99% used [0x00000000eb980000,0x00000000ec27b780,0x00000000ec280000)
  to   space 10752K, 0% used [0x00000000ead80000,0x00000000ead80000,0x00000000eb800000)
 ParOldGen       total 43520K, used 8467K [0x00000000a1e00000, 0x00000000a4880000, 0x00000000e0a00000)
  object space 43520K, 19% used [0x00000000a1e00000,0x00000000a2644c10,0x00000000a4880000)
 Metaspace       used 29933K, capacity 31546K, committed 31744K, reserved 1085440K
  class space    used 3984K, capacity 4283K, committed 4352K, reserved 1048576K
Event: 9.630 GC heap after
Heap after GC invocations=10 (full 1):
 PSYoungGen      total 178176K, used 6254K [0x00000000e0a00000, 0x00000000ec280000, 0x0000000100000000)
  eden space 167424K, 0% used [0x00000000e0a00000,0x00000000e0a00000,0x00000000ead80000)
  from space 10752K, 58% used [0x00000000ead80000,0x00000000eb39b9a8,0x00000000eb800000)
  to   space 9216K, 0% used [0x00000000eb980000,0x00000000eb980000,0x00000000ec280000)
 ParOldGen       total 43520K, used 8475K [0x00000000a1e00000, 0x00000000a4880000, 0x00000000e0a00000)
  object space 43520K, 19% used [0x00000000a1e00000,0x00000000a2646c10,0x00000000a4880000)
 Metaspace       used 29933K, capacity 31546K, committed 31744K, reserved 1085440K
  class space    used 3984K, capacity 4283K, committed 4352K, reserved 1048576K
}
Event: 9.630 GC heap before
{Heap before GC invocations=11 (full 2):
 PSYoungGen      total 178176K, used 6254K [0x00000000e0a00000, 0x00000000ec280000, 0x0000000100000000)
  eden space 167424K, 0% used [0x00000000e0a00000,0x00000000e0a00000,0x00000000ead80000)
  from space 10752K, 58% used [0x00000000ead80000,0x00000000eb39b9a8,0x00000000eb800000)
  to   space 9216K, 0% used [0x00000000eb980000,0x00000000eb980000,0x00000000ec280000)
 ParOldGen       total 43520K, used 8475K [0x00000000a1e00000, 0x00000000a4880000, 0x00000000e0a00000)
  object space 43520K, 19% used [0x00000000a1e00000,0x00000000a2646c10,0x00000000a4880000)
 Metaspace       used 29933K, capacity 31546K, committed 31744K, reserved 1085440K
  class space    used 3984K, capacity 4283K, committed 4352K, reserved 1048576K
Event: 9.695 GC heap after
Heap after GC invocations=11 (full 2):
 PSYoungGen      total 178176K, used 0K [0x00000000e0a00000, 0x00000000ec280000, 0x0000000100000000)
  eden space 167424K, 0% used [0x00000000e0a00000,0x00000000e0a00000,0x00000000ead80000)
  from space 10752K, 0% used [0x00000000ead80000,0x00000000ead80000,0x00000000eb800000)
  to   space 9216K, 0% used [0x00000000eb980000,0x00000000eb980000,0x00000000ec280000)
 ParOldGen       total 43520K, used 11854K [0x00000000a1e00000, 0x00000000a4880000, 0x00000000e0a00000)
  object space 43520K, 27% used [0x00000000a1e00000,0x00000000a29939b8,0x00000000a4880000)
 Metaspace       used 29933K, capacity 31546K, committed 31744K, reserved 1083392K
  class space    used 3984K, capacity 4283K, committed 4352K, reserved 1048576K
}

